[2025-07-24 09:00:01] Starting auto-commit process
[2025-07-24 09:00:01] Added all changes to staging
[2025-07-24 09:00:01] Committed changes: Auto-commit: 2025-07-24 09:00:01
[2025-07-24 09:00:06] Successfully pushed to remote
[2025-07-24 09:00:06] Auto-commit process completed
[2025-07-24 09:30:01] Starting auto-commit process
[2025-07-24 09:30:01] Added all changes to staging
[2025-07-24 09:30:01] Committed changes: Auto-commit: 2025-07-24 09:30:01
[2025-07-24 09:30:05] Successfully pushed to remote
[2025-07-24 09:30:05] Auto-commit process completed
[2025-07-24 10:00:01] Starting auto-commit process
[2025-07-24 10:00:01] Added all changes to staging
[2025-07-24 10:00:01] Committed changes: Auto-commit: 2025-07-24 10:00:01
[2025-07-24 10:00:05] Successfully pushed to remote
[2025-07-24 10:00:05] Auto-commit process completed
[2025-07-24 10:30:01] Starting auto-commit process
[2025-07-24 10:30:02] Added all changes to staging
[2025-07-24 10:30:02] Committed changes: Auto-commit: 2025-07-24 10:30:02
[2025-07-24 10:30:07] Successfully pushed to remote
[2025-07-24 10:30:07] Auto-commit process completed
[2025-07-24 11:00:01] Starting auto-commit process
[2025-07-24 11:00:01] Added all changes to staging
[2025-07-24 11:00:01] Committed changes: Auto-commit: 2025-07-24 11:00:01
[2025-07-24 11:00:05] Successfully pushed to remote
[2025-07-24 11:00:05] Auto-commit process completed
[2025-07-24 11:30:02] Starting auto-commit process
[2025-07-24 11:30:02] Added all changes to staging
[2025-07-24 11:30:02] Committed changes: Auto-commit: 2025-07-24 11:30:02
[2025-07-24 11:30:07] Successfully pushed to remote
[2025-07-24 11:30:07] Auto-commit process completed
[2025-07-24 12:00:01] Starting auto-commit process
[2025-07-24 12:00:01] Added all changes to staging
[2025-07-24 12:00:01] Committed changes: Auto-commit: 2025-07-24 12:00:01
[2025-07-24 12:00:06] Successfully pushed to remote
[2025-07-24 12:00:06] Auto-commit process completed
[2025-07-24 12:30:01] Starting auto-commit process
[2025-07-24 12:30:01] Added all changes to staging
[2025-07-24 12:30:01] Committed changes: Auto-commit: 2025-07-24 12:30:01
[2025-07-24 12:30:06] Successfully pushed to remote
[2025-07-24 12:30:06] Auto-commit process completed
[2025-07-24 13:00:01] Starting auto-commit process
[2025-07-24 13:00:01] Added all changes to staging
[2025-07-24 13:00:01] Committed changes: Auto-commit: 2025-07-24 13:00:01
[2025-07-24 13:00:06] Successfully pushed to remote
[2025-07-24 13:00:06] Auto-commit process completed
[2025-07-24 13:30:01] Starting auto-commit process
[2025-07-24 13:30:01] Added all changes to staging
[2025-07-24 13:30:01] Committed changes: Auto-commit: 2025-07-24 13:30:01
[2025-07-24 13:30:06] Successfully pushed to remote
[2025-07-24 13:30:06] Auto-commit process completed
[2025-07-24 14:00:01] Starting auto-commit process
[2025-07-24 14:00:01] Added all changes to staging
[2025-07-24 14:00:01] Committed changes: Auto-commit: 2025-07-24 14:00:01
[2025-07-24 14:00:06] Successfully pushed to remote
[2025-07-24 14:00:06] Auto-commit process completed
[2025-07-24 14:30:01] Starting auto-commit process
[2025-07-24 14:30:01] Added all changes to staging
[2025-07-24 14:30:01] Committed changes: Auto-commit: 2025-07-24 14:30:01
[2025-07-24 14:30:07] Successfully pushed to remote
[2025-07-24 14:30:07] Auto-commit process completed
[2025-07-24 15:00:01] Starting auto-commit process
[2025-07-24 15:00:01] Added all changes to staging
[2025-07-24 15:00:01] Committed changes: Auto-commit: 2025-07-24 15:00:01
[2025-07-24 15:00:05] Successfully pushed to remote
[2025-07-24 15:00:05] Auto-commit process completed
[2025-07-24 15:30:01] Starting auto-commit process
[2025-07-24 15:30:01] Added all changes to staging
[2025-07-24 15:30:01] Committed changes: Auto-commit: 2025-07-24 15:30:01
[2025-07-24 15:30:07] Successfully pushed to remote
[2025-07-24 15:30:07] Auto-commit process completed
[2025-07-24 16:00:01] Starting auto-commit process
[2025-07-24 16:00:01] Added all changes to staging
[2025-07-24 16:00:01] Committed changes: Auto-commit: 2025-07-24 16:00:01
[2025-07-24 16:00:07] Successfully pushed to remote
[2025-07-24 16:00:07] Auto-commit process completed
[2025-07-24 16:30:01] Starting auto-commit process
[2025-07-24 16:30:01] Added all changes to staging
[2025-07-24 16:30:01] Committed changes: Auto-commit: 2025-07-24 16:30:01
[2025-07-24 16:30:07] Successfully pushed to remote
[2025-07-24 16:30:07] Auto-commit process completed
[2025-07-24 17:00:01] Starting auto-commit process
[2025-07-24 17:00:01] Added all changes to staging
[2025-07-24 17:00:01] Committed changes: Auto-commit: 2025-07-24 17:00:01
[2025-07-24 17:00:07] Successfully pushed to remote
[2025-07-24 17:00:07] Auto-commit process completed
[2025-07-24 17:30:01] Starting auto-commit process
[2025-07-24 17:30:01] Added all changes to staging
[2025-07-24 17:30:01] Committed changes: Auto-commit: 2025-07-24 17:30:01
[2025-07-24 17:30:06] Successfully pushed to remote
[2025-07-24 17:30:06] Auto-commit process completed
[2025-07-24 20:30:01] Starting auto-commit process
[2025-07-24 20:30:01] Added all changes to staging
[2025-07-24 20:30:01] Committed changes: Auto-commit: 2025-07-24 20:30:01
[2025-07-24 20:30:04] Successfully pushed to remote
[2025-07-24 20:30:04] Auto-commit process completed
[2025-07-24 21:00:01] Starting auto-commit process
[2025-07-24 21:00:01] Added all changes to staging
[2025-07-24 21:00:01] Committed changes: Auto-commit: 2025-07-24 21:00:01
[2025-07-24 21:00:05] Successfully pushed to remote
[2025-07-24 21:00:05] Auto-commit process completed
[2025-07-24 21:30:01] Starting auto-commit process
[2025-07-24 21:30:01] Added all changes to staging
[2025-07-24 21:30:01] Committed changes: Auto-commit: 2025-07-24 21:30:01
[2025-07-24 21:30:05] Successfully pushed to remote
[2025-07-24 21:30:05] Auto-commit process completed
[2025-07-24 22:00:01] Starting auto-commit process
[2025-07-24 22:00:01] Added all changes to staging
[2025-07-24 22:00:01] Committed changes: Auto-commit: 2025-07-24 22:00:01
[2025-07-24 22:00:07] Successfully pushed to remote
[2025-07-24 22:00:07] Auto-commit process completed
[2025-07-24 22:30:01] Starting auto-commit process
[2025-07-24 22:30:01] Added all changes to staging
[2025-07-24 22:30:01] Committed changes: Auto-commit: 2025-07-24 22:30:01
[2025-07-24 22:30:05] Successfully pushed to remote
[2025-07-24 22:30:05] Auto-commit process completed
[2025-07-24 23:00:01] Starting auto-commit process
[2025-07-24 23:00:01] Added all changes to staging
[2025-07-24 23:00:01] Committed changes: Auto-commit: 2025-07-24 23:00:01
[2025-07-24 23:00:06] Successfully pushed to remote
[2025-07-24 23:00:06] Auto-commit process completed
[2025-07-24 23:30:01] Starting auto-commit process
[2025-07-24 23:30:01] Added all changes to staging
[2025-07-24 23:30:01] Committed changes: Auto-commit: 2025-07-24 23:30:01
[2025-07-24 23:30:06] Successfully pushed to remote
[2025-07-24 23:30:06] Auto-commit process completed
[2025-07-25 00:00:01] Starting auto-commit process
[2025-07-25 00:00:01] Added all changes to staging
[2025-07-25 00:00:01] Committed changes: Auto-commit: 2025-07-25 00:00:01
[2025-07-25 00:00:10] Successfully pushed to remote
[2025-07-25 00:00:10] Auto-commit process completed
[2025-07-25 07:00:01] Starting auto-commit process
